<?xml version="1.0" encoding="UTF-8"?>
<testng-results skipped="0" failed="0" ignored="0" total="1" passed="1">
  <reporter-output>
  </reporter-output>
  <suite name="Command line suite" duration-ms="605" started-at="2018-02-09T12:19:56Z" finished-at="2018-02-09T12:19:57Z">
    <groups>
      <group name="cucumber">
        <method signature="AbstractTestNGCucumberTests.feature(cucumber.api.testng.CucumberFeatureWrapper)[pri:0, instance:tests.cucumber.runner.RunCukesTest@174d20a]" name="feature" class="cucumber.api.testng.AbstractTestNGCucumberTests"/>
      </group> <!-- cucumber -->
    </groups>
    <test name="Command line test" duration-ms="605" started-at="2018-02-09T12:19:56Z" finished-at="2018-02-09T12:19:57Z">
      <class name="tests.cucumber.runner.RunCukesTest">
        <test-method status="PASS" signature="setUpClass()[pri:0, instance:tests.cucumber.runner.RunCukesTest@174d20a]" name="setUpClass" is-config="true" duration-ms="336" started-at="2018-02-09T15:19:56Z" finished-at="2018-02-09T15:19:56Z">
          <reporter-output>
          </reporter-output>
        </test-method> <!-- setUpClass -->
        <test-method status="PASS" signature="feature(cucumber.api.testng.CucumberFeatureWrapper)[pri:0, instance:tests.cucumber.runner.RunCukesTest@174d20a]" name="feature" duration-ms="88" started-at="2018-02-09T15:19:56Z" description="Runs Cucumber Feature" data-provider="features" finished-at="2018-02-09T15:19:56Z">
          <params>
            <param index="0">
              <value>
                <![CDATA[Candidate Successful Login Feature]]>
              </value>
            </param>
          </params>
          <reporter-output>
          </reporter-output>
        </test-method> <!-- feature -->
        <test-method status="PASS" signature="tearDownClass()[pri:0, instance:tests.cucumber.runner.RunCukesTest@174d20a]" name="tearDownClass" is-config="true" duration-ms="80" started-at="2018-02-09T15:19:56Z" finished-at="2018-02-09T15:19:57Z">
          <reporter-output>
          </reporter-output>
        </test-method> <!-- tearDownClass -->
      </class> <!-- tests.cucumber.runner.RunCukesTest -->
    </test> <!-- Command line test -->
  </suite> <!-- Command line suite -->
</testng-results>
